Removed Pin From Net: NetName=VCC3V3 Pin=P1-1
Removed Pin From Net: NetName=VCC3V3 Pin=P1-2
Removed Pin From Net: NetName=GND Pin=P1-5
Removed Pin From Net: NetName=GND Pin=P1-6
Removed Pin From Net: NetName=GND Pin=U3-1
Removed Pin From Net: NetName=5V Pin=U3-5
Removed Pin From Net: NetName=5V Pin=U3-5
Removed Pin From Net: NetName=5V Pin=U3-5
Removed Pin From Net: NetName=5V Pin=U3-5
Removed Pin From Net: NetName=5V Pin=U3-5
Change Component Comment : Designator=R8 Old Comment=4.7K,0603 New Comment=1.5K,0603
Change Component Designator: OldDesignator=D1 NewDesignator=PC13
Change Component Designator: OldDesignator=D2 NewDesignator=PWR
Change Component Library : Designator=U3 Old Library=STM32F103C8T6.SCHLIB New Library=PCB_Project_4.SCHLIB
Added Pin To Net: NetName=GND Pin=P1-1
Added Pin To Net: NetName=GND Pin=P1-2
Added Pin To Net: NetName=VCC3V3 Pin=P1-5
Added Pin To Net: NetName=VCC3V3 Pin=P1-6
Added Pin To Net: NetName=5V Pin=U3-1
Added Pin To Net: NetName=GND Pin=U3-5
Added Pin To Net: NetName=GND Pin=U3-5
Added Pin To Net: NetName=GND Pin=U3-5
Added Pin To Net: NetName=GND Pin=U3-5
Added Pin To Net: NetName=GND Pin=U3-5
Change Net Name : Old Net Name=NetD1_2 New Net Name=NetPC13_2
Change Net Name : Old Net Name=NetD2_2 New Net Name=NetPWR_2
Added Member To Class: ClassName=Sheet1 Member=Component U3 USB-mrico
Added Room: Name=Sheet1
